<?xml version="1.0" encoding="UTF-8"?>
<testsuite xmlns:xsi="http://www.w3.org/2001/XMLSchema-instance" xsi:noNamespaceSchemaLocation="https://maven.apache.org/surefire/maven-surefire-plugin/xsd/surefire-test-report-3.0.xsd" version="3.0" name="TestSuite" time="98.961" tests="7" errors="0" skipped="0" failures="4">
  <properties>
[...]
</properties>
  <testcase name="loginTest" classname="com.inetbanking.testCases.LoginTest_002" time="6.165">
    <failure message="expected [true] but found [false]" type="java.lang.AssertionError"><![CDATA[java.lang.AssertionError: expected [true] but found [false]
	at com.inetbanking.testCases.LoginTest_002.loginTest(LoginTest_002.java:36)
]]></failure>
    <system-out><![CDATA[ INFO [TestNG-suites-1] (LoginTest_002.java:15)- Url is opened
 INFO [TestNG-suites-1] (LoginTest_002.java:20)- Enter username
 INFO [TestNG-suites-1] (LoginTest_002.java:24)- Enter password
Screenshot taken
]]></system-out>
    <system-err><![CDATA[Starting ChromeDriver 87.0.4280.88 (89e2380a3e36c3464b5dd1302349b1382549290d-refs/branch-heads/4280@{#1761}) on port 5915
Only local connections are allowed.
Please see https://chromedriver.chromium.org/security-considerations for suggestions on keeping ChromeDriver safe.
ChromeDriver was started successfully.
[1611716150.589][WARNING]: This version of ChromeDriver has not been tested with Chrome version 88.
Jan 26, 2021 9:55:52 PM org.openqa.selenium.remote.ProtocolHandshake createSession
INFO: Detected dialect: W3C
]]></system-err>
  </testcase>
  <testcase name="loginDDT" classname="com.inetbanking.testCases.TC_LoginDDT_003" time="11.024"/>
  <testcase name="loginDDT" classname="com.inetbanking.testCases.TC_LoginDDT_003" time="5.204">
    <failure type="junit.framework.AssertionFailedError"><![CDATA[junit.framework.AssertionFailedError
	at com.inetbanking.testCases.TC_LoginDDT_003.loginDDT(TC_LoginDDT_003.java:32)
]]></failure>
    <system-out><![CDATA[ INFO [TestNG-suites-1] (TC_LoginDDT_003.java:22)- username povided
 INFO [TestNG-suites-1] (TC_LoginDDT_003.java:24)- password povided
]]></system-out>
  </testcase>
  <testcase name="loginDDT" classname="com.inetbanking.testCases.TC_LoginDDT_003" time="6.588">
    <failure type="junit.framework.AssertionFailedError"><![CDATA[junit.framework.AssertionFailedError
	at com.inetbanking.testCases.TC_LoginDDT_003.loginDDT(TC_LoginDDT_003.java:32)
]]></failure>
    <system-out><![CDATA[ INFO [TestNG-suites-1] (TC_LoginDDT_003.java:22)- username povided
 INFO [TestNG-suites-1] (TC_LoginDDT_003.java:24)- password povided
]]></system-out>
  </testcase>
  <testcase name="loginDDT" classname="com.inetbanking.testCases.TC_LoginDDT_003" time="12.827"/>
  <testcase name="loginDDT" classname="com.inetbanking.testCases.TC_LoginDDT_003" time="6.422">
    <failure type="junit.framework.AssertionFailedError"><![CDATA[junit.framework.AssertionFailedError
	at com.inetbanking.testCases.TC_LoginDDT_003.loginDDT(TC_LoginDDT_003.java:32)
]]></failure>
    <system-out><![CDATA[ INFO [TestNG-suites-1] (TC_LoginDDT_003.java:22)- username povided
 INFO [TestNG-suites-1] (TC_LoginDDT_003.java:24)- password povided
]]></system-out>
  </testcase>
  <testcase name="addNewCustomer" classname="com.inetbanking.testCases.TC_AddCustomerTest_004" time="21.689"/>
</testsuite>